<?xml version="1.0" encoding="UTF-8"?>
<!-- Generated by org.testng.reporters.JUnitXMLReporter -->
<testsuite ignored="0" hostname="DESKTOP-T9LN8JE" failures="0" tests="2" name="Default test" time="0.182" errors="0" timestamp="2022-05-01T09:57:29 IST">
  <testcase classname="testClasses.FBloginAndLogOut" name="@BeforeTest launchbrowser" time="-1.651379249661E9">
    <failure type="org.testng.TestNGException" message="
Parameter &amp;apos;browser&amp;apos; is required by BeforeTest on method launchbrowser but has not been marked @Optional or defined
in C:\Users\admin\AppData\Local\Temp\testng-eclipse-1036665840\testng-customsuite.xml">
      <![CDATA[org.testng.TestNGException: 
Parameter 'browser' is required by BeforeTest on method launchbrowser but has not been marked @Optional or defined
in C:\Users\admin\AppData\Local\Temp\testng-eclipse-1036665840\testng-customsuite.xml
at org.testng.internal.Parameters.createParams(Parameters.java:270)
at org.testng.internal.Parameters.createParametersForMethod(Parameters.java:358)
at org.testng.internal.Parameters.createParameters(Parameters.java:700)
at org.testng.internal.Parameters.createConfigurationParameters(Parameters.java:168)
at org.testng.internal.ConfigInvoker.invokeConfigurations(ConfigInvoker.java:302)
at org.testng.TestRunner.invokeTestConfigurations(TestRunner.java:637)
at org.testng.TestRunner.beforeRun(TestRunner.java:627)
at org.testng.TestRunner.run(TestRunner.java:589)
at org.testng.SuiteRunner.runTest(SuiteRunner.java:377)
at org.testng.SuiteRunner.runSequentially(SuiteRunner.java:371)
at org.testng.SuiteRunner.privateRun(SuiteRunner.java:332)
at org.testng.SuiteRunner.run(SuiteRunner.java:276)
at org.testng.SuiteRunnerWorker.runSuite(SuiteRunnerWorker.java:53)
at org.testng.SuiteRunnerWorker.run(SuiteRunnerWorker.java:96)
at org.testng.TestNG.runSuitesSequentially(TestNG.java:1212)
at org.testng.TestNG.runSuitesLocally(TestNG.java:1134)
at org.testng.TestNG.runSuites(TestNG.java:1063)
at org.testng.TestNG.run(TestNG.java:1031)
at org.testng.remote.AbstractRemoteTestNG.run(AbstractRemoteTestNG.java:115)
at org.testng.remote.RemoteTestNG.initAndRun(RemoteTestNG.java:251)
at org.testng.remote.RemoteTestNG.main(RemoteTestNG.java:77)
]]>
    </failure>
  </testcase> <!-- @BeforeTest launchbrowser -->
  <testcase classname="testClasses.FBloginAndLogOut" name="@BeforeClass createobject" time="-1.65137924971E9">
    <skipped/>
  </testcase> <!-- @BeforeClass createobject -->
  <testcase classname="testClasses.FBloginAndLogOut" name="@BeforeMethod userlogin" time="-1.651379249742E9">
    <skipped/>
  </testcase> <!-- @BeforeMethod userlogin -->
  <testcase classname="testClasses.FBloginAndLogOut" name="@AfterMethod logout" time="-1.651379249782E9">
    <skipped/>
  </testcase> <!-- @AfterMethod logout -->
  <testcase classname="testClasses.FBloginAndLogOut" name="@BeforeMethod userlogin" time="-1.65137924979E9">
    <skipped/>
  </testcase> <!-- @BeforeMethod userlogin -->
  <testcase classname="testClasses.FBloginAndLogOut" name="@AfterMethod logout" time="-1.651379249819E9">
    <skipped/>
  </testcase> <!-- @AfterMethod logout -->
  <testcase classname="testClasses.FBloginAndLogOut" name="@AfterClass clearobject" time="-1.651379249823E9">
    <skipped/>
  </testcase> <!-- @AfterClass clearobject -->
  <testcase classname="testClasses.FBloginAndLogOut" name="@AfterTest closebrowser" time="-1.651379249831E9">
    <skipped/>
  </testcase> <!-- @AfterTest closebrowser -->
  <testcase classname="testClasses.FBloginAndLogOut" name="checkavailibilityofwelcomeoption" time="0.0">
    <skipped/>
  </testcase> <!-- checkavailibilityofwelcomeoption -->
  <testcase classname="testClasses.FBloginAndLogOut" name="checkhomepageurl" time="0.0">
    <skipped/>
  </testcase> <!-- checkhomepageurl -->
</testsuite> <!-- Default test -->
